#-----------------------------------------------------------
# Vivado v2019.2 (64-bit)
# SW Build 2708876 on Wed Nov  6 21:40:23 MST 2019
# IP Build 2700528 on Thu Nov  7 00:09:20 MST 2019
# Start of session at: Fri Nov 13 13:46:04 2020
# Process ID: 11816
# Current directory: C:/Users/paula/Desktop/SEM1/SSC/proiect/Obstacle/ObstacleAvoidance
# Command line: vivado.exe -gui_launcher_event rodinguilauncherevent16104 C:\Users\paula\Desktop\SEM1\SSC\proiect\Obstacle\ObstacleAvoidance\ObstacleAvoidance.xpr
# Log file: C:/Users/paula/Desktop/SEM1/SSC/proiect/Obstacle/ObstacleAvoidance/vivado.log
# Journal file: C:/Users/paula/Desktop/SEM1/SSC/proiect/Obstacle/ObstacleAvoidance\vivado.jou
#-----------------------------------------------------------
start_gui
open_project C:/Users/paula/Desktop/SEM1/SSC/proiect/Obstacle/ObstacleAvoidance/ObstacleAvoidance.xpr
Scanning sources...
Finished scanning sources
INFO: [IP_Flow 19-234] Refreshing IP repositories
INFO: [IP_Flow 19-1704] No user IP repositories specified
INFO: [IP_Flow 19-2313] Loaded Vivado IP repository 'C:/Xilinx/Vivado/2019.2/data/ip'.
open_project: Time (s): cpu = 00:00:16 ; elapsed = 00:00:11 . Memory (MB): peak = 765.109 ; gain = 137.133
update_compile_order -fileset sources_1
reset_run synth_1
launch_runs impl_1 -to_step write_bitstream -jobs 4
[Fri Nov 13 13:49:08 2020] Launched synth_1...
Run output will be captured here: C:/Users/paula/Desktop/SEM1/SSC/proiect/Obstacle/ObstacleAvoidance/ObstacleAvoidance.runs/synth_1/runme.log
[Fri Nov 13 13:49:08 2020] Launched impl_1...
Run output will be captured here: C:/Users/paula/Desktop/SEM1/SSC/proiect/Obstacle/ObstacleAvoidance/ObstacleAvoidance.runs/impl_1/runme.log
open_hw_manager
INFO: [Labtools 27-2285] Connecting to hw_server url TCP:localhost:3121
INFO: [Labtools 27-2222] Launching hw_server...
INFO: [Labtools 27-2221] Launch Output:

****** Xilinx hw_server v2019.2
  **** Build date : Nov  6 2019 at 22:12:23
    ** Copyright 1986-2019 Xilinx, Inc. All Rights Reserved.


INFO: [Labtools 27-3415] Connecting to cs_server url TCP:localhost:3042
INFO: [Labtools 27-3417] Launching cs_server...
INFO: [Labtools 27-2221] Launch Output:


****** Xilinx cs_server v2019.2.0
  **** Build date : Nov 07 2019-07:28:22
    ** Copyright 2017-2019 Xilinx, Inc. All Rights Reserved.



connect_hw_server: Time (s): cpu = 00:00:02 ; elapsed = 00:00:14 . Memory (MB): peak = 854.199 ; gain = 6.633
connect_hw_server -url localhost:3121 -allow_non_jtag
INFO: [Labtools 27-2285] Connecting to hw_server url TCP:localhost:3121
INFO: [Labtools 27-3415] Connecting to cs_server url TCP:localhost:3042
INFO: [Labtools 27-3414] Connected to existing cs_server.
current_hw_target [get_hw_targets */xilinx_tcf/Digilent/210183A75AFBA]
set_property PARAM.FREQUENCY 15000000 [get_hw_targets */xilinx_tcf/Digilent/210183A75AFBA]
open_hw_target
INFO: [Labtoolstcl 44-466] Opening hw_target localhost:3121/xilinx_tcf/Digilent/210183A75AFBA
set_property PROGRAM.FILE {C:/Users/paula/Desktop/SEM1/SSC/proiect/Obstacle/ObstacleAvoidance/ObstacleAvoidance.runs/impl_1/CarMain.bit} [get_hw_devices xc7a35t_0]
current_hw_device [get_hw_devices xc7a35t_0]
refresh_hw_device -update_hw_probes false [lindex [get_hw_devices xc7a35t_0] 0]
INFO: [Labtools 27-1434] Device xc7a35t (JTAG device index = 0) is programmed with a design that has no supported debug core(s) in it.
set_property PROBES.FILE {} [get_hw_devices xc7a35t_0]
set_property FULL_PROBES.FILE {} [get_hw_devices xc7a35t_0]
set_property PROGRAM.FILE {C:/Users/paula/Desktop/SEM1/SSC/proiect/Obstacle/ObstacleAvoidance/ObstacleAvoidance.runs/impl_1/CarMain.bit} [get_hw_devices xc7a35t_0]
program_hw_devices [get_hw_devices xc7a35t_0]
INFO: [Labtools 27-3164] End of startup status: HIGH
refresh_hw_device [lindex [get_hw_devices xc7a35t_0] 0]
INFO: [Labtools 27-1434] Device xc7a35t (JTAG device index = 0) is programmed with a design that has no supported debug core(s) in it.
set_property PROBES.FILE {} [get_hw_devices xc7a35t_0]
set_property FULL_PROBES.FILE {} [get_hw_devices xc7a35t_0]
set_property PROGRAM.FILE {C:/Users/paula/Desktop/SEM1/SSC/proiect/Obstacle/ObstacleAvoidance/ObstacleAvoidance.runs/impl_1/CarMain.bit} [get_hw_devices xc7a35t_0]
program_hw_devices [get_hw_devices xc7a35t_0]
INFO: [Labtools 27-3164] End of startup status: HIGH
refresh_hw_device [lindex [get_hw_devices xc7a35t_0] 0]
INFO: [Labtools 27-1434] Device xc7a35t (JTAG device index = 0) is programmed with a design that has no supported debug core(s) in it.
reset_run synth_1
launch_runs impl_1 -to_step write_bitstream -jobs 4
[Fri Nov 13 14:01:45 2020] Launched synth_1...
Run output will be captured here: C:/Users/paula/Desktop/SEM1/SSC/proiect/Obstacle/ObstacleAvoidance/ObstacleAvoidance.runs/synth_1/runme.log
[Fri Nov 13 14:01:45 2020] Launched impl_1...
Run output will be captured here: C:/Users/paula/Desktop/SEM1/SSC/proiect/Obstacle/ObstacleAvoidance/ObstacleAvoidance.runs/impl_1/runme.log
set_property PROBES.FILE {} [get_hw_devices xc7a35t_0]
set_property FULL_PROBES.FILE {} [get_hw_devices xc7a35t_0]
set_property PROGRAM.FILE {C:/Users/paula/Desktop/SEM1/SSC/proiect/Obstacle/ObstacleAvoidance/ObstacleAvoidance.runs/impl_1/CarMain.bit} [get_hw_devices xc7a35t_0]
program_hw_devices [get_hw_devices xc7a35t_0]
INFO: [Labtools 27-3164] End of startup status: HIGH
refresh_hw_device [lindex [get_hw_devices xc7a35t_0] 0]
INFO: [Labtools 27-1434] Device xc7a35t (JTAG device index = 0) is programmed with a design that has no supported debug core(s) in it.
reset_run synth_1
launch_runs impl_1 -to_step write_bitstream -jobs 4
[Fri Nov 13 14:10:58 2020] Launched synth_1...
Run output will be captured here: C:/Users/paula/Desktop/SEM1/SSC/proiect/Obstacle/ObstacleAvoidance/ObstacleAvoidance.runs/synth_1/runme.log
[Fri Nov 13 14:10:58 2020] Launched impl_1...
Run output will be captured here: C:/Users/paula/Desktop/SEM1/SSC/proiect/Obstacle/ObstacleAvoidance/ObstacleAvoidance.runs/impl_1/runme.log
reset_run synth_1
launch_runs impl_1 -to_step write_bitstream -jobs 4
[Fri Nov 13 14:11:47 2020] Launched synth_1...
Run output will be captured here: C:/Users/paula/Desktop/SEM1/SSC/proiect/Obstacle/ObstacleAvoidance/ObstacleAvoidance.runs/synth_1/runme.log
[Fri Nov 13 14:11:47 2020] Launched impl_1...
Run output will be captured here: C:/Users/paula/Desktop/SEM1/SSC/proiect/Obstacle/ObstacleAvoidance/ObstacleAvoidance.runs/impl_1/runme.log
set_property PROBES.FILE {} [get_hw_devices xc7a35t_0]
set_property FULL_PROBES.FILE {} [get_hw_devices xc7a35t_0]
set_property PROGRAM.FILE {C:/Users/paula/Desktop/SEM1/SSC/proiect/Obstacle/ObstacleAvoidance/ObstacleAvoidance.runs/impl_1/CarMain.bit} [get_hw_devices xc7a35t_0]
program_hw_devices [get_hw_devices xc7a35t_0]
INFO: [Labtools 27-3164] End of startup status: HIGH
refresh_hw_device [lindex [get_hw_devices xc7a35t_0] 0]
INFO: [Labtools 27-1434] Device xc7a35t (JTAG device index = 0) is programmed with a design that has no supported debug core(s) in it.
set_property PROBES.FILE {} [get_hw_devices xc7a35t_0]
set_property FULL_PROBES.FILE {} [get_hw_devices xc7a35t_0]
set_property PROGRAM.FILE {C:/Users/paula/Desktop/SEM1/SSC/proiect/Obstacle/ObstacleAvoidance/ObstacleAvoidance.runs/impl_1/CarMain.bit} [get_hw_devices xc7a35t_0]
program_hw_devices [get_hw_devices xc7a35t_0]
INFO: [Labtools 27-3164] End of startup status: HIGH
refresh_hw_device [lindex [get_hw_devices xc7a35t_0] 0]
INFO: [Labtools 27-1434] Device xc7a35t (JTAG device index = 0) is programmed with a design that has no supported debug core(s) in it.
ERROR: [Labtoolstcl 44-513] HW Target shutdown. Closing target: localhost:3121/xilinx_tcf/Digilent/210183A75AFBA
INFO: [Labtoolstcl 44-466] Opening hw_target localhost:3121/xilinx_tcf/Digilent/210183A75AFBA
INFO: [Labtools 27-1434] Device xc7a35t (JTAG device index = 0) is programmed with a design that has no supported debug core(s) in it.
WARNING: [Labtoolstcl 44-129] No matching hw_ila_data was found.
reset_run synth_1
launch_runs impl_1 -to_step write_bitstream -jobs 4
[Fri Nov 13 14:29:44 2020] Launched synth_1...
Run output will be captured here: C:/Users/paula/Desktop/SEM1/SSC/proiect/Obstacle/ObstacleAvoidance/ObstacleAvoidance.runs/synth_1/runme.log
[Fri Nov 13 14:29:44 2020] Launched impl_1...
Run output will be captured here: C:/Users/paula/Desktop/SEM1/SSC/proiect/Obstacle/ObstacleAvoidance/ObstacleAvoidance.runs/impl_1/runme.log
set_property PROBES.FILE {} [get_hw_devices xc7a35t_0]
set_property FULL_PROBES.FILE {} [get_hw_devices xc7a35t_0]
set_property PROGRAM.FILE {C:/Users/paula/Desktop/SEM1/SSC/proiect/Obstacle/ObstacleAvoidance/ObstacleAvoidance.runs/impl_1/CarMain.bit} [get_hw_devices xc7a35t_0]
program_hw_devices [get_hw_devices xc7a35t_0]
INFO: [Labtools 27-3164] End of startup status: HIGH
refresh_hw_device [lindex [get_hw_devices xc7a35t_0] 0]
INFO: [Labtools 27-1434] Device xc7a35t (JTAG device index = 0) is programmed with a design that has no supported debug core(s) in it.
reset_run synth_1
launch_runs impl_1 -to_step write_bitstream -jobs 4
[Fri Nov 13 14:37:47 2020] Launched synth_1...
Run output will be captured here: C:/Users/paula/Desktop/SEM1/SSC/proiect/Obstacle/ObstacleAvoidance/ObstacleAvoidance.runs/synth_1/runme.log
[Fri Nov 13 14:37:47 2020] Launched impl_1...
Run output will be captured here: C:/Users/paula/Desktop/SEM1/SSC/proiect/Obstacle/ObstacleAvoidance/ObstacleAvoidance.runs/impl_1/runme.log
set_property PROBES.FILE {} [get_hw_devices xc7a35t_0]
set_property FULL_PROBES.FILE {} [get_hw_devices xc7a35t_0]
set_property PROGRAM.FILE {C:/Users/paula/Desktop/SEM1/SSC/proiect/Obstacle/ObstacleAvoidance/ObstacleAvoidance.runs/impl_1/CarMain.bit} [get_hw_devices xc7a35t_0]
program_hw_devices [get_hw_devices xc7a35t_0]
INFO: [Labtools 27-3164] End of startup status: HIGH
refresh_hw_device [lindex [get_hw_devices xc7a35t_0] 0]
INFO: [Labtools 27-1434] Device xc7a35t (JTAG device index = 0) is programmed with a design that has no supported debug core(s) in it.
reset_run synth_1
launch_runs impl_1 -to_step write_bitstream -jobs 4
[Fri Nov 13 14:42:03 2020] Launched synth_1...
Run output will be captured here: C:/Users/paula/Desktop/SEM1/SSC/proiect/Obstacle/ObstacleAvoidance/ObstacleAvoidance.runs/synth_1/runme.log
[Fri Nov 13 14:42:03 2020] Launched impl_1...
Run output will be captured here: C:/Users/paula/Desktop/SEM1/SSC/proiect/Obstacle/ObstacleAvoidance/ObstacleAvoidance.runs/impl_1/runme.log
reset_run synth_1
launch_runs impl_1 -to_step write_bitstream -jobs 4
[Fri Nov 13 14:42:30 2020] Launched synth_1...
Run output will be captured here: C:/Users/paula/Desktop/SEM1/SSC/proiect/Obstacle/ObstacleAvoidance/ObstacleAvoidance.runs/synth_1/runme.log
[Fri Nov 13 14:42:30 2020] Launched impl_1...
Run output will be captured here: C:/Users/paula/Desktop/SEM1/SSC/proiect/Obstacle/ObstacleAvoidance/ObstacleAvoidance.runs/impl_1/runme.log
reset_run synth_1
launch_runs impl_1 -to_step write_bitstream -jobs 4
[Fri Nov 13 14:43:27 2020] Launched synth_1...
Run output will be captured here: C:/Users/paula/Desktop/SEM1/SSC/proiect/Obstacle/ObstacleAvoidance/ObstacleAvoidance.runs/synth_1/runme.log
[Fri Nov 13 14:43:27 2020] Launched impl_1...
Run output will be captured here: C:/Users/paula/Desktop/SEM1/SSC/proiect/Obstacle/ObstacleAvoidance/ObstacleAvoidance.runs/impl_1/runme.log
reset_run synth_1
launch_runs impl_1 -to_step write_bitstream -jobs 4
[Fri Nov 13 14:44:07 2020] Launched synth_1...
Run output will be captured here: C:/Users/paula/Desktop/SEM1/SSC/proiect/Obstacle/ObstacleAvoidance/ObstacleAvoidance.runs/synth_1/runme.log
[Fri Nov 13 14:44:07 2020] Launched impl_1...
Run output will be captured here: C:/Users/paula/Desktop/SEM1/SSC/proiect/Obstacle/ObstacleAvoidance/ObstacleAvoidance.runs/impl_1/runme.log
set_property PROBES.FILE {} [get_hw_devices xc7a35t_0]
set_property FULL_PROBES.FILE {} [get_hw_devices xc7a35t_0]
set_property PROGRAM.FILE {C:/Users/paula/Desktop/SEM1/SSC/proiect/Obstacle/ObstacleAvoidance/ObstacleAvoidance.runs/impl_1/CarMain.bit} [get_hw_devices xc7a35t_0]
program_hw_devices [get_hw_devices xc7a35t_0]
INFO: [Labtools 27-3164] End of startup status: HIGH
refresh_hw_device [lindex [get_hw_devices xc7a35t_0] 0]
INFO: [Labtools 27-1434] Device xc7a35t (JTAG device index = 0) is programmed with a design that has no supported debug core(s) in it.
reset_run synth_1
launch_runs impl_1 -to_step write_bitstream -jobs 4
[Fri Nov 13 14:48:04 2020] Launched synth_1...
Run output will be captured here: C:/Users/paula/Desktop/SEM1/SSC/proiect/Obstacle/ObstacleAvoidance/ObstacleAvoidance.runs/synth_1/runme.log
[Fri Nov 13 14:48:04 2020] Launched impl_1...
Run output will be captured here: C:/Users/paula/Desktop/SEM1/SSC/proiect/Obstacle/ObstacleAvoidance/ObstacleAvoidance.runs/impl_1/runme.log
reset_run synth_1
launch_runs impl_1 -to_step write_bitstream -jobs 4
[Fri Nov 13 14:50:43 2020] Launched synth_1...
Run output will be captured here: C:/Users/paula/Desktop/SEM1/SSC/proiect/Obstacle/ObstacleAvoidance/ObstacleAvoidance.runs/synth_1/runme.log
[Fri Nov 13 14:50:43 2020] Launched impl_1...
Run output will be captured here: C:/Users/paula/Desktop/SEM1/SSC/proiect/Obstacle/ObstacleAvoidance/ObstacleAvoidance.runs/impl_1/runme.log
set_property PROBES.FILE {} [get_hw_devices xc7a35t_0]
set_property FULL_PROBES.FILE {} [get_hw_devices xc7a35t_0]
set_property PROGRAM.FILE {C:/Users/paula/Desktop/SEM1/SSC/proiect/Obstacle/ObstacleAvoidance/ObstacleAvoidance.runs/impl_1/CarMain.bit} [get_hw_devices xc7a35t_0]
program_hw_devices [get_hw_devices xc7a35t_0]
INFO: [Labtools 27-3164] End of startup status: HIGH
refresh_hw_device [lindex [get_hw_devices xc7a35t_0] 0]
INFO: [Labtools 27-1434] Device xc7a35t (JTAG device index = 0) is programmed with a design that has no supported debug core(s) in it.
reset_run impl_1 -prev_step 
launch_runs impl_1 -to_step write_bitstream -jobs 4
[Fri Nov 13 14:56:55 2020] Launched impl_1...
Run output will be captured here: C:/Users/paula/Desktop/SEM1/SSC/proiect/Obstacle/ObstacleAvoidance/ObstacleAvoidance.runs/impl_1/runme.log
reset_run synth_1
launch_runs impl_1 -to_step write_bitstream -jobs 4
[Fri Nov 13 14:58:06 2020] Launched synth_1...
Run output will be captured here: C:/Users/paula/Desktop/SEM1/SSC/proiect/Obstacle/ObstacleAvoidance/ObstacleAvoidance.runs/synth_1/runme.log
[Fri Nov 13 14:58:06 2020] Launched impl_1...
Run output will be captured here: C:/Users/paula/Desktop/SEM1/SSC/proiect/Obstacle/ObstacleAvoidance/ObstacleAvoidance.runs/impl_1/runme.log
set_property PROBES.FILE {} [get_hw_devices xc7a35t_0]
set_property FULL_PROBES.FILE {} [get_hw_devices xc7a35t_0]
set_property PROGRAM.FILE {C:/Users/paula/Desktop/SEM1/SSC/proiect/Obstacle/ObstacleAvoidance/ObstacleAvoidance.runs/impl_1/CarMain.bit} [get_hw_devices xc7a35t_0]
program_hw_devices [get_hw_devices xc7a35t_0]
INFO: [Labtools 27-3164] End of startup status: HIGH
refresh_hw_device [lindex [get_hw_devices xc7a35t_0] 0]
INFO: [Labtools 27-1434] Device xc7a35t (JTAG device index = 0) is programmed with a design that has no supported debug core(s) in it.
reset_run synth_1
launch_runs impl_1 -to_step write_bitstream -jobs 4
[Fri Nov 13 15:14:07 2020] Launched synth_1...
Run output will be captured here: C:/Users/paula/Desktop/SEM1/SSC/proiect/Obstacle/ObstacleAvoidance/ObstacleAvoidance.runs/synth_1/runme.log
[Fri Nov 13 15:14:07 2020] Launched impl_1...
Run output will be captured here: C:/Users/paula/Desktop/SEM1/SSC/proiect/Obstacle/ObstacleAvoidance/ObstacleAvoidance.runs/impl_1/runme.log
set_property PROBES.FILE {} [get_hw_devices xc7a35t_0]
set_property FULL_PROBES.FILE {} [get_hw_devices xc7a35t_0]
set_property PROGRAM.FILE {C:/Users/paula/Desktop/SEM1/SSC/proiect/Obstacle/ObstacleAvoidance/ObstacleAvoidance.runs/impl_1/CarMain.bit} [get_hw_devices xc7a35t_0]
program_hw_devices [get_hw_devices xc7a35t_0]
INFO: [Labtools 27-3164] End of startup status: HIGH
refresh_hw_device [lindex [get_hw_devices xc7a35t_0] 0]
INFO: [Labtools 27-1434] Device xc7a35t (JTAG device index = 0) is programmed with a design that has no supported debug core(s) in it.
reset_run synth_1
launch_runs impl_1 -to_step write_bitstream -jobs 4
[Fri Nov 13 15:17:53 2020] Launched synth_1...
Run output will be captured here: C:/Users/paula/Desktop/SEM1/SSC/proiect/Obstacle/ObstacleAvoidance/ObstacleAvoidance.runs/synth_1/runme.log
[Fri Nov 13 15:17:53 2020] Launched impl_1...
Run output will be captured here: C:/Users/paula/Desktop/SEM1/SSC/proiect/Obstacle/ObstacleAvoidance/ObstacleAvoidance.runs/impl_1/runme.log
set_property PROBES.FILE {} [get_hw_devices xc7a35t_0]
set_property FULL_PROBES.FILE {} [get_hw_devices xc7a35t_0]
set_property PROGRAM.FILE {C:/Users/paula/Desktop/SEM1/SSC/proiect/Obstacle/ObstacleAvoidance/ObstacleAvoidance.runs/impl_1/CarMain.bit} [get_hw_devices xc7a35t_0]
program_hw_devices [get_hw_devices xc7a35t_0]
INFO: [Labtools 27-3164] End of startup status: HIGH
refresh_hw_device [lindex [get_hw_devices xc7a35t_0] 0]
INFO: [Labtools 27-1434] Device xc7a35t (JTAG device index = 0) is programmed with a design that has no supported debug core(s) in it.
reset_run synth_1
launch_runs impl_1 -to_step write_bitstream -jobs 4
[Fri Nov 13 15:26:59 2020] Launched synth_1...
Run output will be captured here: C:/Users/paula/Desktop/SEM1/SSC/proiect/Obstacle/ObstacleAvoidance/ObstacleAvoidance.runs/synth_1/runme.log
[Fri Nov 13 15:26:59 2020] Launched impl_1...
Run output will be captured here: C:/Users/paula/Desktop/SEM1/SSC/proiect/Obstacle/ObstacleAvoidance/ObstacleAvoidance.runs/impl_1/runme.log
set_property PROBES.FILE {} [get_hw_devices xc7a35t_0]
set_property FULL_PROBES.FILE {} [get_hw_devices xc7a35t_0]
set_property PROGRAM.FILE {C:/Users/paula/Desktop/SEM1/SSC/proiect/Obstacle/ObstacleAvoidance/ObstacleAvoidance.runs/impl_1/CarMain.bit} [get_hw_devices xc7a35t_0]
program_hw_devices [get_hw_devices xc7a35t_0]
INFO: [Labtools 27-3164] End of startup status: HIGH
refresh_hw_device [lindex [get_hw_devices xc7a35t_0] 0]
INFO: [Labtools 27-1434] Device xc7a35t (JTAG device index = 0) is programmed with a design that has no supported debug core(s) in it.
reset_run synth_1
launch_runs impl_1 -to_step write_bitstream -jobs 4
[Fri Nov 13 15:31:27 2020] Launched synth_1...
Run output will be captured here: C:/Users/paula/Desktop/SEM1/SSC/proiect/Obstacle/ObstacleAvoidance/ObstacleAvoidance.runs/synth_1/runme.log
[Fri Nov 13 15:31:27 2020] Launched impl_1...
Run output will be captured here: C:/Users/paula/Desktop/SEM1/SSC/proiect/Obstacle/ObstacleAvoidance/ObstacleAvoidance.runs/impl_1/runme.log
set_property PROBES.FILE {} [get_hw_devices xc7a35t_0]
set_property FULL_PROBES.FILE {} [get_hw_devices xc7a35t_0]
set_property PROGRAM.FILE {C:/Users/paula/Desktop/SEM1/SSC/proiect/Obstacle/ObstacleAvoidance/ObstacleAvoidance.runs/impl_1/CarMain.bit} [get_hw_devices xc7a35t_0]
program_hw_devices [get_hw_devices xc7a35t_0]
INFO: [Labtools 27-3164] End of startup status: HIGH
refresh_hw_device [lindex [get_hw_devices xc7a35t_0] 0]
INFO: [Labtools 27-1434] Device xc7a35t (JTAG device index = 0) is programmed with a design that has no supported debug core(s) in it.
reset_run synth_1
launch_runs impl_1 -to_step write_bitstream -jobs 4
[Fri Nov 13 15:35:12 2020] Launched synth_1...
Run output will be captured here: C:/Users/paula/Desktop/SEM1/SSC/proiect/Obstacle/ObstacleAvoidance/ObstacleAvoidance.runs/synth_1/runme.log
[Fri Nov 13 15:35:12 2020] Launched impl_1...
Run output will be captured here: C:/Users/paula/Desktop/SEM1/SSC/proiect/Obstacle/ObstacleAvoidance/ObstacleAvoidance.runs/impl_1/runme.log
set_property PROBES.FILE {} [get_hw_devices xc7a35t_0]
set_property FULL_PROBES.FILE {} [get_hw_devices xc7a35t_0]
set_property PROGRAM.FILE {C:/Users/paula/Desktop/SEM1/SSC/proiect/Obstacle/ObstacleAvoidance/ObstacleAvoidance.runs/impl_1/CarMain.bit} [get_hw_devices xc7a35t_0]
program_hw_devices [get_hw_devices xc7a35t_0]
INFO: [Labtools 27-3164] End of startup status: HIGH
refresh_hw_device [lindex [get_hw_devices xc7a35t_0] 0]
INFO: [Labtools 27-1434] Device xc7a35t (JTAG device index = 0) is programmed with a design that has no supported debug core(s) in it.
reset_run synth_1
launch_runs impl_1 -to_step write_bitstream -jobs 4
[Fri Nov 13 15:38:56 2020] Launched synth_1...
Run output will be captured here: C:/Users/paula/Desktop/SEM1/SSC/proiect/Obstacle/ObstacleAvoidance/ObstacleAvoidance.runs/synth_1/runme.log
[Fri Nov 13 15:38:56 2020] Launched impl_1...
Run output will be captured here: C:/Users/paula/Desktop/SEM1/SSC/proiect/Obstacle/ObstacleAvoidance/ObstacleAvoidance.runs/impl_1/runme.log
set_property PROBES.FILE {} [get_hw_devices xc7a35t_0]
set_property FULL_PROBES.FILE {} [get_hw_devices xc7a35t_0]
set_property PROGRAM.FILE {C:/Users/paula/Desktop/SEM1/SSC/proiect/Obstacle/ObstacleAvoidance/ObstacleAvoidance.runs/impl_1/CarMain.bit} [get_hw_devices xc7a35t_0]
program_hw_devices [get_hw_devices xc7a35t_0]
INFO: [Labtools 27-3164] End of startup status: HIGH
refresh_hw_device [lindex [get_hw_devices xc7a35t_0] 0]
INFO: [Labtools 27-1434] Device xc7a35t (JTAG device index = 0) is programmed with a design that has no supported debug core(s) in it.
reset_run synth_1
launch_runs impl_1 -to_step write_bitstream -jobs 4
[Fri Nov 13 15:47:13 2020] Launched synth_1...
Run output will be captured here: C:/Users/paula/Desktop/SEM1/SSC/proiect/Obstacle/ObstacleAvoidance/ObstacleAvoidance.runs/synth_1/runme.log
[Fri Nov 13 15:47:13 2020] Launched impl_1...
Run output will be captured here: C:/Users/paula/Desktop/SEM1/SSC/proiect/Obstacle/ObstacleAvoidance/ObstacleAvoidance.runs/impl_1/runme.log
set_property PROBES.FILE {} [get_hw_devices xc7a35t_0]
set_property FULL_PROBES.FILE {} [get_hw_devices xc7a35t_0]
set_property PROGRAM.FILE {C:/Users/paula/Desktop/SEM1/SSC/proiect/Obstacle/ObstacleAvoidance/ObstacleAvoidance.runs/impl_1/CarMain.bit} [get_hw_devices xc7a35t_0]
program_hw_devices [get_hw_devices xc7a35t_0]
INFO: [Labtools 27-3164] End of startup status: HIGH
refresh_hw_device [lindex [get_hw_devices xc7a35t_0] 0]
INFO: [Labtools 27-1434] Device xc7a35t (JTAG device index = 0) is programmed with a design that has no supported debug core(s) in it.
reset_run synth_1
launch_runs impl_1 -to_step write_bitstream -jobs 4
[Fri Nov 13 15:51:38 2020] Launched synth_1...
Run output will be captured here: C:/Users/paula/Desktop/SEM1/SSC/proiect/Obstacle/ObstacleAvoidance/ObstacleAvoidance.runs/synth_1/runme.log
[Fri Nov 13 15:51:38 2020] Launched impl_1...
Run output will be captured here: C:/Users/paula/Desktop/SEM1/SSC/proiect/Obstacle/ObstacleAvoidance/ObstacleAvoidance.runs/impl_1/runme.log
set_property PROBES.FILE {} [get_hw_devices xc7a35t_0]
set_property FULL_PROBES.FILE {} [get_hw_devices xc7a35t_0]
set_property PROGRAM.FILE {C:/Users/paula/Desktop/SEM1/SSC/proiect/Obstacle/ObstacleAvoidance/ObstacleAvoidance.runs/impl_1/CarMain.bit} [get_hw_devices xc7a35t_0]
program_hw_devices [get_hw_devices xc7a35t_0]
INFO: [Labtools 27-3164] End of startup status: HIGH
refresh_hw_device [lindex [get_hw_devices xc7a35t_0] 0]
INFO: [Labtools 27-1434] Device xc7a35t (JTAG device index = 0) is programmed with a design that has no supported debug core(s) in it.
reset_run synth_1
launch_runs impl_1 -to_step write_bitstream -jobs 4
[Fri Nov 13 16:00:44 2020] Launched synth_1...
Run output will be captured here: C:/Users/paula/Desktop/SEM1/SSC/proiect/Obstacle/ObstacleAvoidance/ObstacleAvoidance.runs/synth_1/runme.log
[Fri Nov 13 16:00:44 2020] Launched impl_1...
Run output will be captured here: C:/Users/paula/Desktop/SEM1/SSC/proiect/Obstacle/ObstacleAvoidance/ObstacleAvoidance.runs/impl_1/runme.log
set_property PROBES.FILE {} [get_hw_devices xc7a35t_0]
set_property FULL_PROBES.FILE {} [get_hw_devices xc7a35t_0]
set_property PROGRAM.FILE {C:/Users/paula/Desktop/SEM1/SSC/proiect/Obstacle/ObstacleAvoidance/ObstacleAvoidance.runs/impl_1/CarMain.bit} [get_hw_devices xc7a35t_0]
program_hw_devices [get_hw_devices xc7a35t_0]
INFO: [Labtools 27-3164] End of startup status: HIGH
refresh_hw_device [lindex [get_hw_devices xc7a35t_0] 0]
INFO: [Labtools 27-1434] Device xc7a35t (JTAG device index = 0) is programmed with a design that has no supported debug core(s) in it.
reset_run synth_1
launch_runs impl_1 -to_step write_bitstream -jobs 4
[Fri Nov 13 16:10:01 2020] Launched synth_1...
Run output will be captured here: C:/Users/paula/Desktop/SEM1/SSC/proiect/Obstacle/ObstacleAvoidance/ObstacleAvoidance.runs/synth_1/runme.log
[Fri Nov 13 16:10:01 2020] Launched impl_1...
Run output will be captured here: C:/Users/paula/Desktop/SEM1/SSC/proiect/Obstacle/ObstacleAvoidance/ObstacleAvoidance.runs/impl_1/runme.log
set_property PROBES.FILE {} [get_hw_devices xc7a35t_0]
set_property FULL_PROBES.FILE {} [get_hw_devices xc7a35t_0]
set_property PROGRAM.FILE {C:/Users/paula/Desktop/SEM1/SSC/proiect/Obstacle/ObstacleAvoidance/ObstacleAvoidance.runs/impl_1/CarMain.bit} [get_hw_devices xc7a35t_0]
program_hw_devices [get_hw_devices xc7a35t_0]
INFO: [Labtools 27-3164] End of startup status: HIGH
refresh_hw_device [lindex [get_hw_devices xc7a35t_0] 0]
INFO: [Labtools 27-1434] Device xc7a35t (JTAG device index = 0) is programmed with a design that has no supported debug core(s) in it.
set_property PROBES.FILE {} [get_hw_devices xc7a35t_0]
set_property FULL_PROBES.FILE {} [get_hw_devices xc7a35t_0]
set_property PROGRAM.FILE {C:/Users/paula/Desktop/SEM1/SSC/proiect/Obstacle/ObstacleAvoidance/ObstacleAvoidance.runs/impl_1/CarMain.bit} [get_hw_devices xc7a35t_0]
program_hw_devices [get_hw_devices xc7a35t_0]
INFO: [Labtools 27-3164] End of startup status: HIGH
refresh_hw_device [lindex [get_hw_devices xc7a35t_0] 0]
INFO: [Labtools 27-1434] Device xc7a35t (JTAG device index = 0) is programmed with a design that has no supported debug core(s) in it.
reset_run synth_1
launch_runs impl_1 -to_step write_bitstream -jobs 4
[Fri Nov 13 16:20:13 2020] Launched synth_1...
Run output will be captured here: C:/Users/paula/Desktop/SEM1/SSC/proiect/Obstacle/ObstacleAvoidance/ObstacleAvoidance.runs/synth_1/runme.log
[Fri Nov 13 16:20:13 2020] Launched impl_1...
Run output will be captured here: C:/Users/paula/Desktop/SEM1/SSC/proiect/Obstacle/ObstacleAvoidance/ObstacleAvoidance.runs/impl_1/runme.log
set_property PROBES.FILE {} [get_hw_devices xc7a35t_0]
set_property FULL_PROBES.FILE {} [get_hw_devices xc7a35t_0]
set_property PROGRAM.FILE {C:/Users/paula/Desktop/SEM1/SSC/proiect/Obstacle/ObstacleAvoidance/ObstacleAvoidance.runs/impl_1/CarMain.bit} [get_hw_devices xc7a35t_0]
program_hw_devices [get_hw_devices xc7a35t_0]
INFO: [Labtools 27-3164] End of startup status: HIGH
refresh_hw_device [lindex [get_hw_devices xc7a35t_0] 0]
INFO: [Labtools 27-1434] Device xc7a35t (JTAG device index = 0) is programmed with a design that has no supported debug core(s) in it.
reset_run synth_1
launch_runs impl_1 -to_step write_bitstream -jobs 4
[Fri Nov 13 16:33:09 2020] Launched synth_1...
Run output will be captured here: C:/Users/paula/Desktop/SEM1/SSC/proiect/Obstacle/ObstacleAvoidance/ObstacleAvoidance.runs/synth_1/runme.log
[Fri Nov 13 16:33:09 2020] Launched impl_1...
Run output will be captured here: C:/Users/paula/Desktop/SEM1/SSC/proiect/Obstacle/ObstacleAvoidance/ObstacleAvoidance.runs/impl_1/runme.log
set_property PROBES.FILE {} [get_hw_devices xc7a35t_0]
set_property FULL_PROBES.FILE {} [get_hw_devices xc7a35t_0]
set_property PROGRAM.FILE {C:/Users/paula/Desktop/SEM1/SSC/proiect/Obstacle/ObstacleAvoidance/ObstacleAvoidance.runs/impl_1/CarMain.bit} [get_hw_devices xc7a35t_0]
program_hw_devices [get_hw_devices xc7a35t_0]
INFO: [Labtools 27-3164] End of startup status: HIGH
refresh_hw_device [lindex [get_hw_devices xc7a35t_0] 0]
INFO: [Labtools 27-1434] Device xc7a35t (JTAG device index = 0) is programmed with a design that has no supported debug core(s) in it.
reset_run synth_1
launch_runs impl_1 -to_step write_bitstream -jobs 4
[Fri Nov 13 16:37:30 2020] Launched synth_1...
Run output will be captured here: C:/Users/paula/Desktop/SEM1/SSC/proiect/Obstacle/ObstacleAvoidance/ObstacleAvoidance.runs/synth_1/runme.log
[Fri Nov 13 16:37:30 2020] Launched impl_1...
Run output will be captured here: C:/Users/paula/Desktop/SEM1/SSC/proiect/Obstacle/ObstacleAvoidance/ObstacleAvoidance.runs/impl_1/runme.log
set_property PROBES.FILE {} [get_hw_devices xc7a35t_0]
set_property FULL_PROBES.FILE {} [get_hw_devices xc7a35t_0]
set_property PROGRAM.FILE {C:/Users/paula/Desktop/SEM1/SSC/proiect/Obstacle/ObstacleAvoidance/ObstacleAvoidance.runs/impl_1/CarMain.bit} [get_hw_devices xc7a35t_0]
program_hw_devices [get_hw_devices xc7a35t_0]
INFO: [Labtools 27-3164] End of startup status: HIGH
refresh_hw_device [lindex [get_hw_devices xc7a35t_0] 0]
INFO: [Labtools 27-1434] Device xc7a35t (JTAG device index = 0) is programmed with a design that has no supported debug core(s) in it.
reset_run synth_1
launch_runs impl_1 -to_step write_bitstream -jobs 4
[Fri Nov 13 16:45:37 2020] Launched synth_1...
Run output will be captured here: C:/Users/paula/Desktop/SEM1/SSC/proiect/Obstacle/ObstacleAvoidance/ObstacleAvoidance.runs/synth_1/runme.log
[Fri Nov 13 16:45:37 2020] Launched impl_1...
Run output will be captured here: C:/Users/paula/Desktop/SEM1/SSC/proiect/Obstacle/ObstacleAvoidance/ObstacleAvoidance.runs/impl_1/runme.log
set_property PROBES.FILE {} [get_hw_devices xc7a35t_0]
set_property FULL_PROBES.FILE {} [get_hw_devices xc7a35t_0]
set_property PROGRAM.FILE {C:/Users/paula/Desktop/SEM1/SSC/proiect/Obstacle/ObstacleAvoidance/ObstacleAvoidance.runs/impl_1/CarMain.bit} [get_hw_devices xc7a35t_0]
program_hw_devices [get_hw_devices xc7a35t_0]
INFO: [Labtools 27-3164] End of startup status: HIGH
refresh_hw_device [lindex [get_hw_devices xc7a35t_0] 0]
INFO: [Labtools 27-1434] Device xc7a35t (JTAG device index = 0) is programmed with a design that has no supported debug core(s) in it.
reset_run synth_1
launch_runs impl_1 -to_step write_bitstream -jobs 4
[Fri Nov 13 16:51:22 2020] Launched synth_1...
Run output will be captured here: C:/Users/paula/Desktop/SEM1/SSC/proiect/Obstacle/ObstacleAvoidance/ObstacleAvoidance.runs/synth_1/runme.log
[Fri Nov 13 16:51:22 2020] Launched impl_1...
Run output will be captured here: C:/Users/paula/Desktop/SEM1/SSC/proiect/Obstacle/ObstacleAvoidance/ObstacleAvoidance.runs/impl_1/runme.log
set_property PROBES.FILE {} [get_hw_devices xc7a35t_0]
set_property FULL_PROBES.FILE {} [get_hw_devices xc7a35t_0]
set_property PROGRAM.FILE {C:/Users/paula/Desktop/SEM1/SSC/proiect/Obstacle/ObstacleAvoidance/ObstacleAvoidance.runs/impl_1/CarMain.bit} [get_hw_devices xc7a35t_0]
program_hw_devices [get_hw_devices xc7a35t_0]
INFO: [Labtools 27-3164] End of startup status: HIGH
refresh_hw_device [lindex [get_hw_devices xc7a35t_0] 0]
INFO: [Labtools 27-1434] Device xc7a35t (JTAG device index = 0) is programmed with a design that has no supported debug core(s) in it.
reset_run synth_1
launch_runs impl_1 -to_step write_bitstream -jobs 4
[Fri Nov 13 17:00:18 2020] Launched synth_1...
Run output will be captured here: C:/Users/paula/Desktop/SEM1/SSC/proiect/Obstacle/ObstacleAvoidance/ObstacleAvoidance.runs/synth_1/runme.log
[Fri Nov 13 17:00:18 2020] Launched impl_1...
Run output will be captured here: C:/Users/paula/Desktop/SEM1/SSC/proiect/Obstacle/ObstacleAvoidance/ObstacleAvoidance.runs/impl_1/runme.log
set_property PROBES.FILE {} [get_hw_devices xc7a35t_0]
set_property FULL_PROBES.FILE {} [get_hw_devices xc7a35t_0]
set_property PROGRAM.FILE {C:/Users/paula/Desktop/SEM1/SSC/proiect/Obstacle/ObstacleAvoidance/ObstacleAvoidance.runs/impl_1/CarMain.bit} [get_hw_devices xc7a35t_0]
program_hw_devices [get_hw_devices xc7a35t_0]
INFO: [Labtools 27-3164] End of startup status: HIGH
refresh_hw_device [lindex [get_hw_devices xc7a35t_0] 0]
INFO: [Labtools 27-1434] Device xc7a35t (JTAG device index = 0) is programmed with a design that has no supported debug core(s) in it.
ERROR: [Labtoolstcl 44-513] HW Target shutdown. Closing target: localhost:3121/xilinx_tcf/Digilent/210183A75AFBA
INFO: [Labtoolstcl 44-466] Opening hw_target localhost:3121/xilinx_tcf/Digilent/210183A75AFBA
INFO: [Labtools 27-1434] Device xc7a35t (JTAG device index = 0) is programmed with a design that has no supported debug core(s) in it.
WARNING: [Labtoolstcl 44-129] No matching hw_ila_data was found.
set_property PROBES.FILE {} [get_hw_devices xc7a35t_0]
set_property FULL_PROBES.FILE {} [get_hw_devices xc7a35t_0]
set_property PROGRAM.FILE {C:/Users/paula/Desktop/SEM1/SSC/proiect/Obstacle/ObstacleAvoidance/ObstacleAvoidance.runs/impl_1/CarMain.bit} [get_hw_devices xc7a35t_0]
program_hw_devices [get_hw_devices xc7a35t_0]
INFO: [Labtools 27-3164] End of startup status: HIGH
refresh_hw_device [lindex [get_hw_devices xc7a35t_0] 0]
INFO: [Labtools 27-1434] Device xc7a35t (JTAG device index = 0) is programmed with a design that has no supported debug core(s) in it.
reset_run synth_1
launch_runs impl_1 -to_step write_bitstream -jobs 4
[Fri Nov 13 17:42:10 2020] Launched synth_1...
Run output will be captured here: C:/Users/paula/Desktop/SEM1/SSC/proiect/Obstacle/ObstacleAvoidance/ObstacleAvoidance.runs/synth_1/runme.log
[Fri Nov 13 17:42:10 2020] Launched impl_1...
Run output will be captured here: C:/Users/paula/Desktop/SEM1/SSC/proiect/Obstacle/ObstacleAvoidance/ObstacleAvoidance.runs/impl_1/runme.log
set_property PROBES.FILE {} [get_hw_devices xc7a35t_0]
set_property FULL_PROBES.FILE {} [get_hw_devices xc7a35t_0]
set_property PROGRAM.FILE {C:/Users/paula/Desktop/SEM1/SSC/proiect/Obstacle/ObstacleAvoidance/ObstacleAvoidance.runs/impl_1/CarMain.bit} [get_hw_devices xc7a35t_0]
program_hw_devices [get_hw_devices xc7a35t_0]
INFO: [Labtools 27-3164] End of startup status: HIGH
refresh_hw_device [lindex [get_hw_devices xc7a35t_0] 0]
INFO: [Labtools 27-1434] Device xc7a35t (JTAG device index = 0) is programmed with a design that has no supported debug core(s) in it.
reset_run synth_1
launch_runs impl_1 -to_step write_bitstream -jobs 4
[Fri Nov 13 17:48:18 2020] Launched synth_1...
Run output will be captured here: C:/Users/paula/Desktop/SEM1/SSC/proiect/Obstacle/ObstacleAvoidance/ObstacleAvoidance.runs/synth_1/runme.log
[Fri Nov 13 17:48:18 2020] Launched impl_1...
Run output will be captured here: C:/Users/paula/Desktop/SEM1/SSC/proiect/Obstacle/ObstacleAvoidance/ObstacleAvoidance.runs/impl_1/runme.log
set_property PROBES.FILE {} [get_hw_devices xc7a35t_0]
set_property FULL_PROBES.FILE {} [get_hw_devices xc7a35t_0]
set_property PROGRAM.FILE {C:/Users/paula/Desktop/SEM1/SSC/proiect/Obstacle/ObstacleAvoidance/ObstacleAvoidance.runs/impl_1/CarMain.bit} [get_hw_devices xc7a35t_0]
program_hw_devices [get_hw_devices xc7a35t_0]
INFO: [Labtools 27-3164] End of startup status: HIGH
refresh_hw_device [lindex [get_hw_devices xc7a35t_0] 0]
INFO: [Labtools 27-1434] Device xc7a35t (JTAG device index = 0) is programmed with a design that has no supported debug core(s) in it.
ERROR: [Labtoolstcl 44-513] HW Target shutdown. Closing target: localhost:3121/xilinx_tcf/Digilent/210183A75AFBA
INFO: [Labtoolstcl 44-466] Opening hw_target localhost:3121/xilinx_tcf/Digilent/210183A75AFBA
INFO: [Labtools 27-1434] Device xc7a35t (JTAG device index = 0) is programmed with a design that has no supported debug core(s) in it.
WARNING: [Labtoolstcl 44-129] No matching hw_ila_data was found.
set_property PROBES.FILE {} [get_hw_devices xc7a35t_0]
set_property FULL_PROBES.FILE {} [get_hw_devices xc7a35t_0]
set_property PROGRAM.FILE {C:/Users/paula/Desktop/SEM1/SSC/proiect/Obstacle/ObstacleAvoidance/ObstacleAvoidance.runs/impl_1/CarMain.bit} [get_hw_devices xc7a35t_0]
program_hw_devices [get_hw_devices xc7a35t_0]
INFO: [Labtools 27-3164] End of startup status: HIGH
refresh_hw_device [lindex [get_hw_devices xc7a35t_0] 0]
INFO: [Labtools 27-1434] Device xc7a35t (JTAG device index = 0) is programmed with a design that has no supported debug core(s) in it.
ERROR: [Labtoolstcl 44-513] HW Target shutdown. Closing target: localhost:3121/xilinx_tcf/Digilent/210183A75AFBA
exit
INFO: [Common 17-206] Exiting Vivado at Fri Nov 13 18:20:48 2020...
